<?xml version="1.0" encoding="UTF-8"?>
<testsuites name="jest tests" tests="1" failures="0" errors="0" time="1.902">
  <testsuite name="Test" errors="0" failures="0" skipped="0" timestamp="2022-07-07T15:35:13" time="1.447" tests="1">
    <testcase classname="Test stub test" name="Test stub test" time="0.001">
    </testcase>
  </testsuite>
</testsuites>